<?xml version="1.0" encoding="UTF-8"?>
<!-- Generated by org.testng.reporters.JUnitReportReporter -->
<testsuite skipped="0" hostname="btm-fac6-PC" name="script.VerifyProductVersion" tests="1" failures="0" timestamp="12 Oct 2017 15:45:03 GMT" time="36.241" errors="0">
  <testcase name="testProductVersion" time="36.241" classname="script.VerifyProductVersion"/>
</testsuite> <!-- script.VerifyProductVersion -->
