<?xml version="1.0" encoding="UTF-8"?>
<!-- Generated by org.testng.reporters.JUnitReportReporter -->
<testsuite skipped="0" hostname="btm-fac6-PC" name="script.ValidLogin" tests="1" failures="0" timestamp="12 Oct 2017 15:56:58 GMT" time="8.105" errors="0">
  <testcase name="testValidLogin" time="8.105" classname="script.ValidLogin"/>
</testsuite> <!-- script.ValidLogin -->
