<?xml version="1.0" encoding="UTF-8"?>
<!-- Generated by org.testng.reporters.JUnitReportReporter -->
<testsuite skipped="0" hostname="btm-fac6-PC" name="script.InvalidLogin" tests="1" failures="0" timestamp="12 Oct 2017 15:26:04 GMT" time="14.663" errors="0">
  <testcase name="testInvalidLogin" time="14.663" classname="script.InvalidLogin"/>
</testsuite> <!-- script.InvalidLogin -->
