<?xml version="1.0" encoding="UTF-8"?>
<!-- Generated by org.testng.reporters.JUnitReportReporter -->
<testsuite skipped="0" hostname="btm-fac6-PC" name="script.ValidLogin" tests="1" failures="0" timestamp="11 Oct 2017 16:45:53 GMT" time="19.471" errors="0">
  <testcase name="testValidLogin" time="19.471" classname="script.ValidLogin"/>
</testsuite> <!-- script.ValidLogin -->
